{"timestamp":"2026-02-15T08:52:32.050Z","level":"info","message":"Analytics fetched for user d1cf3f43-518a-40ee-aebc-a777396d7a0f","context":{"environment":"development","timestamp":"2026-02-15T08:52:32.050Z","memoryUsage":{"rss":2009759744,"heapTotal":307654656,"heapUsed":297439496,"external":6447483,"arrayBuffers":2377320}}}
{"timestamp":"2026-02-15T08:52:43.195Z","level":"info","message":"Uploading 1 files for user d1cf3f43-518a-40ee-aebc-a777396d7a0f","context":{"environment":"development","timestamp":"2026-02-15T08:52:43.195Z","memoryUsage":{"rss":2010804224,"heapTotal":326909952,"heapUsed":308680416,"external":7230992,"arrayBuffers":3422225}}}
{"timestamp":"2026-02-15T08:52:48.260Z","level":"error","message":"Upload API Error:","context":{"environment":"development","timestamp":"2026-02-15T08:52:48.261Z","memoryUsage":{"rss":2042220544,"heapTotal":327434240,"heapUsed":309278232,"external":7751500,"arrayBuffers":3942733}}}
{"timestamp":"2026-02-15T08:57:42.964Z","level":"info","message":"Fetched 1 memories for user d1cf3f43-518a-40ee-aebc-a777396d7a0f","context":{"environment":"development","timestamp":"2026-02-15T08:57:42.964Z","memoryUsage":{"rss":2269974528,"heapTotal":528924672,"heapUsed":497726136,"external":7395055,"arrayBuffers":3338047}}}
{"timestamp":"2026-02-15T09:02:07.361Z","level":"info","message":"Fetched 1 memories for user d1cf3f43-518a-40ee-aebc-a777396d7a0f","context":{"environment":"development","timestamp":"2026-02-15T09:02:07.361Z","memoryUsage":{"rss":2284437504,"heapTotal":521846784,"heapUsed":496787448,"external":6561347,"arrayBuffers":2501825}}}
{"timestamp":"2026-02-15T09:02:37.944Z","level":"info","message":"Uploading 1 files for user d1cf3f43-518a-40ee-aebc-a777396d7a0f","context":{"environment":"development","timestamp":"2026-02-15T09:02:37.944Z","memoryUsage":{"rss":2451304448,"heapTotal":634306560,"heapUsed":594711448,"external":6847785,"arrayBuffers":2929497}}}
{"timestamp":"2026-02-15T09:17:49.903Z","level":"info","message":"This is an info message","context":{"environment":"development","timestamp":"2026-02-15T09:17:49.904Z","memoryUsage":{"rss":117211136,"heapTotal":12423168,"heapUsed":9022752,"external":2621793,"arrayBuffers":241243}}}
{"timestamp":"2026-02-15T09:17:49.905Z","level":"warn","message":"This is a warning message","context":{"environment":"development","timestamp":"2026-02-15T09:17:49.905Z","memoryUsage":{"rss":117342208,"heapTotal":12423168,"heapUsed":9050936,"external":2621833,"arrayBuffers":241243}}}
{"timestamp":"2026-02-15T09:17:49.906Z","level":"error","message":"This is an error message","context":{"environment":"development","timestamp":"2026-02-15T09:17:49.906Z","memoryUsage":{"rss":117342208,"heapTotal":12423168,"heapUsed":9075560,"external":2621833,"arrayBuffers":241243}}}
{"timestamp":"2026-02-15T09:24:26.442Z","level":"info","message":"This is an info message","context":{"environment":"development","timestamp":"2026-02-15T09:24:26.443Z","memoryUsage":{"rss":103153664,"heapTotal":12685312,"heapUsed":8107504,"external":2438769,"arrayBuffers":58107}}}
{"timestamp":"2026-02-15T09:24:26.444Z","level":"warn","message":"This is a warning message","context":{"environment":"development","timestamp":"2026-02-15T09:24:26.444Z","memoryUsage":{"rss":103153664,"heapTotal":12685312,"heapUsed":8135576,"external":2438809,"arrayBuffers":58107}}}
{"timestamp":"2026-02-15T09:24:26.445Z","level":"error","message":"This is an error message","context":{"environment":"development","timestamp":"2026-02-15T09:24:26.445Z","memoryUsage":{"rss":103153664,"heapTotal":12685312,"heapUsed":8154096,"external":2438809,"arrayBuffers":58107}}}
{"timestamp":"2026-02-15T09:25:54.945Z","level":"info","message":"This is an info message","context":{"environment":"development","timestamp":"2026-02-15T09:25:54.946Z","memoryUsage":{"rss":104828928,"heapTotal":12685312,"heapUsed":8065704,"external":2430577,"arrayBuffers":49915}}}
{"timestamp":"2026-02-15T09:25:54.948Z","level":"warn","message":"This is a warning message","context":{"environment":"development","timestamp":"2026-02-15T09:25:54.948Z","memoryUsage":{"rss":104828928,"heapTotal":12685312,"heapUsed":8093720,"external":2430617,"arrayBuffers":49915}}}
{"timestamp":"2026-02-15T09:25:54.949Z","level":"error","message":"This is an error message","context":{"environment":"development","timestamp":"2026-02-15T09:25:54.949Z","memoryUsage":{"rss":104828928,"heapTotal":12685312,"heapUsed":8112224,"external":2430617,"arrayBuffers":49915}}}
{"timestamp":"2026-02-15T09:25:54.954Z","level":"error","message":"This is an error message","context":{"environment":"development","timestamp":"2026-02-15T09:25:54.954Z","memoryUsage":{"rss":104960000,"heapTotal":12685312,"heapUsed":8218624,"external":2430617,"arrayBuffers":49915}}}
{"timestamp":"2026-02-15T09:26:02.303Z","level":"info","message":"This is an info message","context":{"environment":"development","timestamp":"2026-02-15T09:26:02.304Z","memoryUsage":{"rss":91033600,"heapTotal":12423168,"heapUsed":7847176,"external":2453188,"arrayBuffers":25131}}}
{"timestamp":"2026-02-15T09:26:02.305Z","level":"warn","message":"This is a warning message","context":{"environment":"development","timestamp":"2026-02-15T09:26:02.305Z","memoryUsage":{"rss":91164672,"heapTotal":12423168,"heapUsed":7874792,"external":2405841,"arrayBuffers":25131}}}
{"timestamp":"2026-02-15T09:26:02.306Z","level":"error","message":"This is an error message","context":{"environment":"development","timestamp":"2026-02-15T09:26:02.306Z","memoryUsage":{"rss":91164672,"heapTotal":12423168,"heapUsed":7893456,"external":2405841,"arrayBuffers":25131}}}
{"timestamp":"2026-02-15T09:26:02.310Z","level":"error","message":"This is an error message","context":{"environment":"development","timestamp":"2026-02-15T09:26:02.310Z","memoryUsage":{"rss":91164672,"heapTotal":12423168,"heapUsed":7998552,"external":2405841,"arrayBuffers":25131}}}
{"timestamp":"2026-02-15T09:26:22.435Z","level":"info","message":"This is an info message","context":{"environment":"development","timestamp":"2026-02-15T09:26:22.435Z","memoryUsage":{"rss":117198848,"heapTotal":12685312,"heapUsed":8082944,"external":2430577,"arrayBuffers":49915}}}
{"timestamp":"2026-02-15T09:26:22.437Z","level":"warn","message":"This is a warning message","context":{"environment":"development","timestamp":"2026-02-15T09:26:22.437Z","memoryUsage":{"rss":117198848,"heapTotal":12685312,"heapUsed":8111016,"external":2430617,"arrayBuffers":49915}}}
{"timestamp":"2026-02-15T09:26:22.437Z","level":"error","message":"This is an error message","context":{"environment":"development","timestamp":"2026-02-15T09:26:22.437Z","memoryUsage":{"rss":117198848,"heapTotal":12685312,"heapUsed":8129536,"external":2430617,"arrayBuffers":49915}}}
{"timestamp":"2026-02-15T09:26:22.443Z","level":"error","message":"This is an error message for telegram","context":{"environment":"development","timestamp":"2026-02-15T09:26:22.443Z","memoryUsage":{"rss":117329920,"heapTotal":12685312,"heapUsed":8236000,"external":2430617,"arrayBuffers":49915}}}
{"timestamp":"2026-02-15T09:28:26.698Z","level":"info","message":"This is an info message","context":{"environment":"production","timestamp":"2026-02-15T09:28:26.699Z","memoryUsage":{"rss":92622848,"heapTotal":12423168,"heapUsed":7953448,"external":2413993,"arrayBuffers":33323}}}
{"timestamp":"2026-02-15T09:28:26.700Z","level":"warn","message":"This is a warning message","context":{"environment":"production","timestamp":"2026-02-15T09:28:26.700Z","memoryUsage":{"rss":92622848,"heapTotal":12423168,"heapUsed":7981120,"external":2414033,"arrayBuffers":33323}}}
{"timestamp":"2026-02-15T09:28:26.701Z","level":"error","message":"This is an error message","context":{"environment":"production","timestamp":"2026-02-15T09:28:26.701Z","memoryUsage":{"rss":92622848,"heapTotal":12423168,"heapUsed":7999760,"external":2414033,"arrayBuffers":33323}}}
{"timestamp":"2026-02-15T09:28:26.705Z","level":"error","message":"This is an error message for telegram","context":{"environment":"production","timestamp":"2026-02-15T09:28:26.705Z","memoryUsage":{"rss":92753920,"heapTotal":12423168,"heapUsed":8104872,"external":2414033,"arrayBuffers":33323}}}
{"timestamp":"2026-02-15T09:46:20.323Z","level":"info","message":"This is an info message","context":{"environment":"production","timestamp":"2026-02-15T09:46:20.324Z","memoryUsage":{"rss":117424128,"heapTotal":12685312,"heapUsed":8145352,"external":2430577,"arrayBuffers":49915}}}
{"timestamp":"2026-02-15T09:46:20.325Z","level":"warn","message":"This is a warning message","context":{"environment":"production","timestamp":"2026-02-15T09:46:20.325Z","memoryUsage":{"rss":117424128,"heapTotal":12685312,"heapUsed":8173424,"external":2430617,"arrayBuffers":49915}}}
{"timestamp":"2026-02-15T09:46:20.325Z","level":"error","message":"This is an error message","context":{"environment":"production","timestamp":"2026-02-15T09:46:20.325Z","memoryUsage":{"rss":117424128,"heapTotal":12685312,"heapUsed":8191944,"external":2430617,"arrayBuffers":49915}}}
{"timestamp":"2026-02-15T09:46:20.328Z","level":"error","message":"This is an error message for telegram","context":{"environment":"production","timestamp":"2026-02-15T09:46:20.328Z","memoryUsage":{"rss":117424128,"heapTotal":12685312,"heapUsed":8299936,"external":2430617,"arrayBuffers":49915}}}
{"timestamp":"2026-02-15T09:46:50.849Z","level":"info","message":"This is an info message","context":{"environment":"production","timestamp":"2026-02-15T09:46:50.849Z","memoryUsage":{"rss":117022720,"heapTotal":12685312,"heapUsed":8096400,"external":2430577,"arrayBuffers":49915}}}
{"timestamp":"2026-02-15T09:46:50.851Z","level":"warn","message":"This is a warning message","context":{"environment":"production","timestamp":"2026-02-15T09:46:50.851Z","memoryUsage":{"rss":117153792,"heapTotal":12685312,"heapUsed":8124472,"external":2430617,"arrayBuffers":49915}}}
{"timestamp":"2026-02-15T09:46:50.851Z","level":"error","message":"This is an error message","context":{"environment":"production","timestamp":"2026-02-15T09:46:50.851Z","memoryUsage":{"rss":117153792,"heapTotal":12685312,"heapUsed":8142992,"external":2430617,"arrayBuffers":49915}}}
{"timestamp":"2026-02-15T09:46:50.855Z","level":"error","message":"This is an error message for telegram","context":{"environment":"production","timestamp":"2026-02-15T09:46:50.855Z","memoryUsage":{"rss":117153792,"heapTotal":12685312,"heapUsed":8253832,"external":2430617,"arrayBuffers":49915}}}
{"timestamp":"2026-02-15T09:49:38.634Z","level":"error","message":"This is an error message","context":{"environment":"production","timestamp":"2026-02-15T09:49:38.634Z","memoryUsage":{"rss":119840768,"heapTotal":14258176,"heapUsed":10392824,"external":3932121,"arrayBuffers":93470}}}
{"timestamp":"2026-02-15T09:49:38.638Z","level":"error","message":"This is an error message for telegram","context":{"environment":"production","timestamp":"2026-02-15T09:49:38.638Z","memoryUsage":{"rss":119840768,"heapTotal":14258176,"heapUsed":10565576,"external":3932121,"arrayBuffers":93470}}}
{"timestamp":"2026-02-15T09:49:38.573Z","level":"info","message":"This is an info message","context":{"environment":"production","timestamp":"2026-02-15T09:49:38.574Z","memoryUsage":{"rss":115785728,"heapTotal":12423168,"heapUsed":8671272,"external":2537473,"arrayBuffers":91291}}}
{"timestamp":"2026-02-15T09:49:38.575Z","level":"warn","message":"This is a warning message","context":{"environment":"production","timestamp":"2026-02-15T09:49:38.575Z","memoryUsage":{"rss":115785728,"heapTotal":12423168,"heapUsed":8697760,"external":2537513,"arrayBuffers":91291}}}
{"timestamp":"2026-02-15T09:50:10.437Z","level":"error","message":"This is an error message","context":{"environment":"production","timestamp":"2026-02-15T09:50:10.438Z","memoryUsage":{"rss":96907264,"heapTotal":14258176,"heapUsed":10199776,"external":3898753,"arrayBuffers":76462}}}
{"timestamp":"2026-02-15T09:50:10.443Z","level":"error","message":"This is an error message for telegram","context":{"environment":"production","timestamp":"2026-02-15T09:50:10.443Z","memoryUsage":{"rss":96907264,"heapTotal":14258176,"heapUsed":10371280,"external":3898753,"arrayBuffers":76462}}}
{"timestamp":"2026-02-15T09:50:10.375Z","level":"info","message":"This is an info message","context":{"environment":"production","timestamp":"2026-02-15T09:50:10.376Z","memoryUsage":{"rss":92983296,"heapTotal":12423168,"heapUsed":8429072,"external":2504105,"arrayBuffers":57899}}}
{"timestamp":"2026-02-15T09:50:10.377Z","level":"warn","message":"This is a warning message","context":{"environment":"production","timestamp":"2026-02-15T09:50:10.377Z","memoryUsage":{"rss":92983296,"heapTotal":12423168,"heapUsed":8455160,"external":2504145,"arrayBuffers":57899}}}
{"timestamp":"2026-02-15T09:55:19.745Z","level":"error","message":"This is an error message","context":{"environment":"production","timestamp":"2026-02-15T09:55:19.745Z","memoryUsage":{"rss":91869184,"heapTotal":13996032,"heapUsed":10174320,"external":3890561,"arrayBuffers":76462}}}
{"timestamp":"2026-02-15T09:55:19.756Z","level":"error","message":"This is an error message for telegram","context":{"environment":"production","timestamp":"2026-02-15T09:55:19.756Z","memoryUsage":{"rss":91869184,"heapTotal":14258176,"heapUsed":10345784,"external":3890561,"arrayBuffers":76462}}}
{"timestamp":"2026-02-15T09:55:19.636Z","level":"info","message":"This is an info message","context":{"environment":"production","timestamp":"2026-02-15T09:55:19.637Z","memoryUsage":{"rss":87875584,"heapTotal":12423168,"heapUsed":8413608,"external":2495913,"arrayBuffers":49707}}}
{"timestamp":"2026-02-15T09:55:19.638Z","level":"warn","message":"This is a warning message","context":{"environment":"production","timestamp":"2026-02-15T09:55:19.638Z","memoryUsage":{"rss":87875584,"heapTotal":12423168,"heapUsed":8439696,"external":2495953,"arrayBuffers":49707}}}
{"timestamp":"2026-02-15T09:57:11.236Z","level":"error","message":"This is an error message","context":{"environment":"production","timestamp":"2026-02-15T09:57:11.236Z","memoryUsage":{"rss":94904320,"heapTotal":14258176,"heapUsed":10174120,"external":3890561,"arrayBuffers":76462}}}
{"timestamp":"2026-02-15T09:57:11.242Z","level":"error","message":"This is an error message for telegram","context":{"environment":"production","timestamp":"2026-02-15T09:57:11.242Z","memoryUsage":{"rss":95035392,"heapTotal":14258176,"heapUsed":10345576,"external":3890561,"arrayBuffers":76462}}}
{"timestamp":"2026-02-15T09:57:11.173Z","level":"info","message":"This is an info message","context":{"environment":"production","timestamp":"2026-02-15T09:57:11.173Z","memoryUsage":{"rss":90910720,"heapTotal":12423168,"heapUsed":8336096,"external":2495913,"arrayBuffers":49707}}}
{"timestamp":"2026-02-15T09:57:11.174Z","level":"warn","message":"This is a warning message","context":{"environment":"production","timestamp":"2026-02-15T09:57:11.174Z","memoryUsage":{"rss":90910720,"heapTotal":12423168,"heapUsed":8362184,"external":2495953,"arrayBuffers":49707}}}
{"timestamp":"2026-02-15T09:57:49.409Z","level":"error","message":"This is an error message","context":{"environment":"production","timestamp":"2026-02-15T09:57:49.409Z","memoryUsage":{"rss":92614656,"heapTotal":13996032,"heapUsed":10165456,"external":3890561,"arrayBuffers":76462}}}
{"timestamp":"2026-02-15T09:57:49.416Z","level":"error","message":"This is an error message for telegram","context":{"environment":"production","timestamp":"2026-02-15T09:57:49.416Z","memoryUsage":{"rss":92745728,"heapTotal":14258176,"heapUsed":10336912,"external":3890561,"arrayBuffers":76462}}}
{"timestamp":"2026-02-15T09:57:49.326Z","level":"info","message":"This is an info message","context":{"environment":"production","timestamp":"2026-02-15T09:57:49.327Z","memoryUsage":{"rss":88621056,"heapTotal":12423168,"heapUsed":8338944,"external":2495913,"arrayBuffers":49707}}}
{"timestamp":"2026-02-15T09:57:49.328Z","level":"warn","message":"This is a warning message","context":{"environment":"production","timestamp":"2026-02-15T09:57:49.328Z","memoryUsage":{"rss":88621056,"heapTotal":12423168,"heapUsed":8365032,"external":2495953,"arrayBuffers":49707}}}
{"timestamp":"2026-02-15T09:58:24.567Z","level":"error","message":"This is an error message","context":{"environment":"production","timestamp":"2026-02-15T09:58:24.567Z","memoryUsage":{"rss":116965376,"heapTotal":20414464,"heapUsed":15200584,"external":4394052,"arrayBuffers":109440}}}
{"timestamp":"2026-02-15T09:58:24.582Z","level":"error","message":"This is an error message for telegram","context":{"environment":"production","timestamp":"2026-02-15T09:58:24.582Z","memoryUsage":{"rss":117227520,"heapTotal":20676608,"heapUsed":15432152,"external":4394052,"arrayBuffers":109440}}}
{"timestamp":"2026-02-15T09:58:24.415Z","level":"info","message":"This is an info message","context":{"environment":"production","timestamp":"2026-02-15T09:58:24.416Z","memoryUsage":{"rss":112422912,"heapTotal":19996672,"heapUsed":14101400,"external":4381909,"arrayBuffers":109440}}}
{"timestamp":"2026-02-15T09:58:24.418Z","level":"warn","message":"This is a warning message","context":{"environment":"production","timestamp":"2026-02-15T09:58:24.418Z","memoryUsage":{"rss":112553984,"heapTotal":19996672,"heapUsed":14127744,"external":4381949,"arrayBuffers":109440}}}
{"timestamp":"2026-02-15T09:59:08.733Z","level":"error","message":"This is an error message","context":{"environment":"production","timestamp":"2026-02-15T09:59:08.733Z","memoryUsage":{"rss":112402432,"heapTotal":20414464,"heapUsed":15202632,"external":4394052,"arrayBuffers":109440}}}
{"timestamp":"2026-02-15T09:59:08.622Z","level":"info","message":"This is an info message","context":{"environment":"production","timestamp":"2026-02-15T09:59:08.623Z","memoryUsage":{"rss":108089344,"heapTotal":19996672,"heapUsed":14108968,"external":4381909,"arrayBuffers":109440}}}
{"timestamp":"2026-02-15T09:59:08.625Z","level":"warn","message":"This is a warning message","context":{"environment":"production","timestamp":"2026-02-15T09:59:08.625Z","memoryUsage":{"rss":108089344,"heapTotal":19996672,"heapUsed":14135312,"external":4381949,"arrayBuffers":109440}}}
{"timestamp":"2026-02-15T09:59:08.746Z","level":"error","message":"This is an error message for telegram","context":{"environment":"production","timestamp":"2026-02-15T09:59:08.746Z","memoryUsage":{"rss":112664576,"heapTotal":20676608,"heapUsed":15434168,"external":4394052,"arrayBuffers":109440}}}
{"timestamp":"2026-02-15T10:01:42.607Z","level":"error","message":"This is an error message","context":{"environment":"production","timestamp":"2026-02-15T10:01:42.607Z","memoryUsage":{"rss":117895168,"heapTotal":20414464,"heapUsed":15476920,"external":4435412,"arrayBuffers":150816}}}
{"timestamp":"2026-02-15T10:01:42.509Z","level":"info","message":"This is an info message","context":{"environment":"production","timestamp":"2026-02-15T10:01:42.509Z","memoryUsage":{"rss":113684480,"heapTotal":19996672,"heapUsed":14299032,"external":4423269,"arrayBuffers":150816}}}
{"timestamp":"2026-02-15T10:01:42.511Z","level":"warn","message":"This is a warning message","context":{"environment":"production","timestamp":"2026-02-15T10:01:42.511Z","memoryUsage":{"rss":113684480,"heapTotal":19996672,"heapUsed":14325440,"external":4423309,"arrayBuffers":150816}}}
{"timestamp":"2026-02-15T10:01:42.626Z","level":"error","message":"This is an error message for telegram","context":{"environment":"production","timestamp":"2026-02-15T10:01:42.626Z","memoryUsage":{"rss":118550528,"heapTotal":20938752,"heapUsed":12828408,"external":4435412,"arrayBuffers":109856}}}
{"timestamp":"2026-02-15T10:03:42.447Z","level":"error","message":"This is an error message","context":{"environment":"production","timestamp":"2026-02-15T10:03:42.447Z","memoryUsage":{"rss":105369600,"heapTotal":20152320,"heapUsed":15175984,"external":4385660,"arrayBuffers":101040}}}
{"timestamp":"2026-02-15T10:03:42.456Z","level":"error","message":"This is an error message for telegram","context":{"environment":"production","timestamp":"2026-02-15T10:03:42.456Z","memoryUsage":{"rss":105631744,"heapTotal":20414464,"heapUsed":15417616,"external":4385660,"arrayBuffers":101040}}}
{"timestamp":"2026-02-15T10:03:42.358Z","level":"warn","message":"This is a warning message","context":{"environment":"production","timestamp":"2026-02-15T10:03:42.358Z","memoryUsage":{"rss":101142528,"heapTotal":19996672,"heapUsed":14107120,"external":4373557,"arrayBuffers":101040}}}
{"timestamp":"2026-02-15T10:03:42.355Z","level":"info","message":"This is an info message","context":{"environment":"production","timestamp":"2026-02-15T10:03:42.356Z","memoryUsage":{"rss":101142528,"heapTotal":19996672,"heapUsed":14080776,"external":4373517,"arrayBuffers":101040}}}
{"timestamp":"2026-02-15T10:05:31.760Z","level":"error","message":"This is an error message","context":{"environment":"production","timestamp":"2026-02-15T10:05:31.760Z","memoryUsage":{"rss":114503680,"heapTotal":20414464,"heapUsed":15456080,"external":4377668,"arrayBuffers":93056}}}
{"timestamp":"2026-02-15T10:05:31.774Z","level":"error","message":"This is an error message for telegram","context":{"environment":"production","timestamp":"2026-02-15T10:05:31.774Z","memoryUsage":{"rss":115159040,"heapTotal":21725184,"heapUsed":12899592,"external":4377668,"arrayBuffers":93056}}}
{"timestamp":"2026-02-15T10:05:31.675Z","level":"info","message":"This is an info message","context":{"environment":"production","timestamp":"2026-02-15T10:05:31.676Z","memoryUsage":{"rss":110198784,"heapTotal":19996672,"heapUsed":14347296,"external":4365525,"arrayBuffers":93056}}}
{"timestamp":"2026-02-15T10:05:31.677Z","level":"warn","message":"This is a warning message","context":{"environment":"production","timestamp":"2026-02-15T10:05:31.677Z","memoryUsage":{"rss":110198784,"heapTotal":19996672,"heapUsed":14373640,"external":4365565,"arrayBuffers":93056}}}
{"timestamp":"2026-02-15T10:06:18.666Z","level":"error","message":"This is an error message","context":{"environment":"production","timestamp":"2026-02-15T10:06:18.666Z","memoryUsage":{"rss":125722624,"heapTotal":20414464,"heapUsed":15455688,"external":4394052,"arrayBuffers":109440}}}
{"timestamp":"2026-02-15T10:06:18.677Z","level":"error","message":"This is a dummy error message for telegram","context":{"environment":"production","timestamp":"2026-02-15T10:06:18.677Z","memoryUsage":{"rss":126377984,"heapTotal":21725184,"heapUsed":12948184,"external":4394052,"arrayBuffers":101248}}}
{"timestamp":"2026-02-15T10:06:18.587Z","level":"info","message":"This is an info message","context":{"environment":"production","timestamp":"2026-02-15T10:06:18.588Z","memoryUsage":{"rss":121511936,"heapTotal":19996672,"heapUsed":14353536,"external":4381909,"arrayBuffers":109440}}}
{"timestamp":"2026-02-15T10:06:18.590Z","level":"warn","message":"This is a warning message","context":{"environment":"production","timestamp":"2026-02-15T10:06:18.590Z","memoryUsage":{"rss":121511936,"heapTotal":19996672,"heapUsed":14379880,"external":4381949,"arrayBuffers":109440}}}
{"timestamp":"2026-02-15T20:29:29.781Z","level":"info","message":"This is an info message","context":{"environment":"developement","timestamp":"2026-02-15T20:29:29.782Z","memoryUsage":{"rss":113762304,"heapTotal":19996672,"heapUsed":14541840,"external":4423269,"arrayBuffers":150816}}}
{"timestamp":"2026-02-15T20:29:29.786Z","level":"warn","message":"This is a warning message","context":{"environment":"developement","timestamp":"2026-02-15T20:29:29.786Z","memoryUsage":{"rss":113762304,"heapTotal":19996672,"heapUsed":14567424,"external":4423309,"arrayBuffers":150816}}}
{"timestamp":"2026-02-15T20:29:29.787Z","level":"error","message":"This is an error message","context":{"environment":"developement","timestamp":"2026-02-15T20:29:29.787Z","memoryUsage":{"rss":113762304,"heapTotal":19996672,"heapUsed":14585416,"external":4423309,"arrayBuffers":150816}}}
{"timestamp":"2026-02-15T20:29:29.798Z","level":"error","message":"This is a dummy error message for telegram","context":{"environment":"developement","timestamp":"2026-02-15T20:29:29.798Z","memoryUsage":{"rss":113893376,"heapTotal":19996672,"heapUsed":14706272,"external":4423309,"arrayBuffers":150816}}}
{"timestamp":"2026-02-15T22:47:34.643Z","level":"info","message":"Fetched 2 memories for user d1cf3f43-518a-40ee-aebc-a777396d7a0f","context":{"environment":"development","timestamp":"2026-02-15T22:47:34.648Z","memoryUsage":{"rss":2415472640,"heapTotal":303575040,"heapUsed":277624280,"external":4595126,"arrayBuffers":538823}}}
{"timestamp":"2026-02-15T23:00:06.535Z","level":"info","message":"Fetched 2 memories for user d1cf3f43-518a-40ee-aebc-a777396d7a0f","context":{"environment":"development","timestamp":"2026-02-15T23:00:06.535Z","memoryUsage":{"rss":1790951424,"heapTotal":285745152,"heapUsed":249312000,"external":4358997,"arrayBuffers":288177}}}
{"timestamp":"2026-02-15T23:00:14.756Z","level":"info","message":"Fetched 2 memories for user d1cf3f43-518a-40ee-aebc-a777396d7a0f","context":{"environment":"development","timestamp":"2026-02-15T23:00:14.756Z","memoryUsage":{"rss":1808723968,"heapTotal":302493696,"heapUsed":273297768,"external":21980644,"arrayBuffers":17909968}}}
{"timestamp":"2026-02-15T23:02:23.129Z","level":"info","message":"Fetched 2 memories for user d1cf3f43-518a-40ee-aebc-a777396d7a0f","context":{"environment":"development","timestamp":"2026-02-15T23:02:23.129Z","memoryUsage":{"rss":1790648320,"heapTotal":249069568,"heapUsed":239707560,"external":4239241,"arrayBuffers":192851}}}
{"timestamp":"2026-02-15T23:04:23.931Z","level":"info","message":"Fetched 2 memories for user d1cf3f43-518a-40ee-aebc-a777396d7a0f","context":{"environment":"development","timestamp":"2026-02-15T23:04:23.931Z","memoryUsage":{"rss":1986809856,"heapTotal":321941504,"heapUsed":311830536,"external":4256154,"arrayBuffers":209764}}}
{"timestamp":"2026-02-15T23:05:44.993Z","level":"info","message":"Uploading 1 files for user d1cf3f43-518a-40ee-aebc-a777396d7a0f","context":{"environment":"development","timestamp":"2026-02-15T23:05:44.993Z","memoryUsage":{"rss":2096676864,"heapTotal":343072768,"heapUsed":333718928,"external":8732292,"arrayBuffers":5966179}}}
{"timestamp":"2026-02-15T23:05:50.037Z","level":"error","message":"Upload API Error:","context":{"environment":"development","timestamp":"2026-02-15T23:05:50.037Z","memoryUsage":{"rss":2115555328,"heapTotal":345956352,"heapUsed":333790336,"external":10073214,"arrayBuffers":7307101}}}
{"timestamp":"2026-02-15T23:06:52.400Z","level":"info","message":"Fetched 2 memories for user d1cf3f43-518a-40ee-aebc-a777396d7a0f","context":{"environment":"development","timestamp":"2026-02-15T23:06:52.400Z","memoryUsage":{"rss":2196844544,"heapTotal":453447680,"heapUsed":415266072,"external":18664550,"arrayBuffers":14606962}}}
{"timestamp":"2026-02-15T23:17:28.954Z","level":"info","message":"Fetched 2 memories for user d1cf3f43-518a-40ee-aebc-a777396d7a0f","context":{"environment":"development","timestamp":"2026-02-15T23:17:28.955Z","memoryUsage":{"rss":2730876928,"heapTotal":735072256,"heapUsed":693983832,"external":6531940,"arrayBuffers":2467452}}}
{"timestamp":"2026-02-15T23:20:59.709Z","level":"info","message":"Fetched 2 memories for user d1cf3f43-518a-40ee-aebc-a777396d7a0f","context":{"environment":"development","timestamp":"2026-02-15T23:20:59.709Z","memoryUsage":{"rss":1512710144,"heapTotal":282935296,"heapUsed":256209752,"external":7287975,"arrayBuffers":3223383}}}
{"timestamp":"2026-02-15T23:23:37.839Z","level":"info","message":"Analytics fetched for user d1cf3f43-518a-40ee-aebc-a777396d7a0f","context":{"environment":"development","timestamp":"2026-02-15T23:23:37.839Z","memoryUsage":{"rss":1965846528,"heapTotal":307183616,"heapUsed":290994592,"external":4344547,"arrayBuffers":281444}}}
{"timestamp":"2026-02-15T23:23:43.352Z","level":"info","message":"Fetched 2 memories for user d1cf3f43-518a-40ee-aebc-a777396d7a0f","context":{"environment":"development","timestamp":"2026-02-15T23:23:43.352Z","memoryUsage":{"rss":2143817728,"heapTotal":376745984,"heapUsed":341842872,"external":8083253,"arrayBuffers":4031703}}}
{"timestamp":"2026-02-15T23:26:08.760Z","level":"info","message":"Fetched 2 memories for user d1cf3f43-518a-40ee-aebc-a777396d7a0f","context":{"environment":"development","timestamp":"2026-02-15T23:26:08.760Z","memoryUsage":{"rss":1727217664,"heapTotal":254914560,"heapUsed":228293528,"external":4357738,"arrayBuffers":272524}}}
{"timestamp":"2026-02-15T23:30:17.201Z","level":"info","message":"Fetched 2 memories for user d1cf3f43-518a-40ee-aebc-a777396d7a0f","context":{"environment":"development","timestamp":"2026-02-15T23:30:17.201Z","memoryUsage":{"rss":1913163776,"heapTotal":370176000,"heapUsed":325196248,"external":4554376,"arrayBuffers":483409}}}
{"timestamp":"2026-02-15T23:33:57.702Z","level":"info","message":"Fetched 2 memories for user d1cf3f43-518a-40ee-aebc-a777396d7a0f","context":{"environment":"development","timestamp":"2026-02-15T23:33:57.702Z","memoryUsage":{"rss":2006405120,"heapTotal":456384512,"heapUsed":417005352,"external":4274519,"arrayBuffers":221902}}}
